<?xml version="1.0" encoding="UTF-8"?>
<!-- Generated by org.testng.reporters.JUnitXMLReporter -->
<testsuite ignored="0" hostname="DESKTOP-C79FB0L" failures="0" tests="4" name="Default test" time="162.014" errors="0" timestamp="2025-02-03T22:30:08 IST">
  <testcase classname="NewMaven.NewMaven.Main" name="Cities" time="23.156"/>
  <testcase classname="NewMaven.NewMaven.Main" name="TestTwo" time="68.601"/>
  <testcase classname="NewMaven.NewMaven.Main" name="TestThree" time="59.968"/>
  <testcase classname="NewMaven.NewMaven.Main" name="TestFour" time="0.001"/>
</testsuite> <!-- Default test -->
