<?xml version="1.0" encoding="UTF-8"?>
<testng-results ignored="0" total="4" passed="4" failed="0" skipped="0">
  <reporter-output>
  </reporter-output>
  <suite started-at="2025-02-03T22:27:26 IST" name="Default suite" finished-at="2025-02-03T22:30:08 IST" duration-ms="162014">
    <groups>
    </groups>
    <test started-at="2025-02-03T22:27:26 IST" name="Default test" finished-at="2025-02-03T22:30:08 IST" duration-ms="162014">
      <class name="NewMaven.NewMaven.Main">
        <test-method is-config="true" signature="setUpTest()[pri:0, instance:NewMaven.NewMaven.Main@1aafa419]" started-at="2025-02-03T22:27:26 IST" name="setUpTest" finished-at="2025-02-03T22:27:36 IST" duration-ms="10060" status="PASS">
          <reporter-output>
          </reporter-output>
        </test-method> <!-- setUpTest -->
        <test-method signature="Cities()[pri:1, instance:NewMaven.NewMaven.Main@1aafa419]" started-at="2025-02-03T22:27:36 IST" name="Cities" finished-at="2025-02-03T22:27:59 IST" duration-ms="23156" status="PASS">
          <reporter-output>
          </reporter-output>
        </test-method> <!-- Cities -->
        <test-method is-config="true" signature="setUpTest()[pri:0, instance:NewMaven.NewMaven.Main@1aafa419]" started-at="2025-02-03T22:27:59 IST" name="setUpTest" finished-at="2025-02-03T22:27:59 IST" duration-ms="83" status="PASS">
          <reporter-output>
          </reporter-output>
        </test-method> <!-- setUpTest -->
        <test-method signature="TestTwo()[pri:2, instance:NewMaven.NewMaven.Main@1aafa419]" started-at="2025-02-03T22:27:59 IST" name="TestTwo" finished-at="2025-02-03T22:29:08 IST" duration-ms="68601" status="PASS">
          <reporter-output>
          </reporter-output>
        </test-method> <!-- TestTwo -->
        <test-method is-config="true" signature="setUpTest()[pri:0, instance:NewMaven.NewMaven.Main@1aafa419]" started-at="2025-02-03T22:29:08 IST" name="setUpTest" finished-at="2025-02-03T22:29:08 IST" duration-ms="63" status="PASS">
          <reporter-output>
          </reporter-output>
        </test-method> <!-- setUpTest -->
        <test-method signature="TestThree()[pri:3, instance:NewMaven.NewMaven.Main@1aafa419]" started-at="2025-02-03T22:29:08 IST" name="TestThree" finished-at="2025-02-03T22:30:08 IST" duration-ms="59968" status="PASS">
          <reporter-output>
          </reporter-output>
        </test-method> <!-- TestThree -->
        <test-method is-config="true" signature="setUpTest()[pri:0, instance:NewMaven.NewMaven.Main@1aafa419]" started-at="2025-02-03T22:30:08 IST" name="setUpTest" finished-at="2025-02-03T22:30:08 IST" duration-ms="53" status="PASS">
          <reporter-output>
          </reporter-output>
        </test-method> <!-- setUpTest -->
        <test-method signature="TestFour()[pri:4, instance:NewMaven.NewMaven.Main@1aafa419]" started-at="2025-02-03T22:30:08 IST" name="TestFour" finished-at="2025-02-03T22:30:08 IST" duration-ms="1" status="PASS">
          <reporter-output>
          </reporter-output>
        </test-method> <!-- TestFour -->
      </class> <!-- NewMaven.NewMaven.Main -->
    </test> <!-- Default test -->
  </suite> <!-- Default suite -->
</testng-results>
